<?xml version='1.0' encoding='UTF-8'?>
<testsuite hostname="leonardo-pc" name="Decorator.TestDecorator" tests="4" errors="0" failures="0" skipped="0" time="0.011" timestamp="2019-10-02T17:17:14">
                     <properties>
[...]
</properties>
                     <testcase classname="Decorator.TestDecorator" name="Feature: Crear carros con Vidrios Polarizados Scenario: Con un carro Mazda" time="0.008">
                                                 
                                               </testcase><testcase classname="Decorator.TestDecorator" name="Feature: Crear carros con Vidrios Polarizados Scenario: Con un carro Audi" time="0.001">
                                                 
                                               </testcase><testcase classname="Decorator.TestDecorator" name="Feature: Crear carros con los 4 accesorios Scenario: Con un carro Mazda" time="0.001">
                                                 
                                               </testcase><testcase classname="Decorator.TestDecorator" name="Feature: Crear carros con los 4 accesorios Scenario: Con un carro Audi" time="0.001">
                                                 
                                               </testcase>
                     <system-out><![CDATA[]]></system-out>
                     <system-err><![CDATA[]]></system-err>
                   </testsuite>