<?xml version='1.0' encoding='UTF-8'?>
<testsuite hostname="leonardo-pc" name="hamburguesaTest3" tests="2" errors="0" failures="2" skipped="0" time="0.036" timestamp="2019-09-21T19:55:19">
                     <properties>
[...]
</properties>
                     <testcase classname="hamburguesaTest3" name="Feature: Creación de Hamburguesa con diferentes ingredientes Scenario: Hamburguesa comn 2 ingredientes" time="0.029">
                                                 <failure message="List(&quot;pollo&quot;, &quot;lechuga&quot;) had size 2 instead of expected size 1" type="org.scalatest.exceptions.TestFailedException">org.scalatest.exceptions.TestFailedException: List(&quot;pollo&quot;, &quot;lechuga&quot;) had size 2 instead of expected size 1
	at org.scalatest.Assertions.newAssertionFailedException(Assertions.scala:530)
	at org.scalatest.Assertions.newAssertionFailedException$(Assertions.scala:529)
	at org.scalatest.FeatureSpec.newAssertionFailedException(FeatureSpec.scala:1825)
	at org.scalatest.Assertions$AssertionsHelper.macroAssert(Assertions.scala:503)
	at hamburguesaTest3.$anonfun$new$2(hamburguesaTest3.scala:22)
	at org.scalatest.OutcomeOf.outcomeOf(OutcomeOf.scala:85)
	at org.scalatest.OutcomeOf.outcomeOf$(OutcomeOf.scala:83)
	at org.scalatest.OutcomeOf$.outcomeOf(OutcomeOf.scala:104)
	at org.scalatest.Transformer.apply(Transformer.scala:22)
	at org.scalatest.Transformer.apply(Transformer.scala:20)
	at org.scalatest.FeatureSpecLike$$anon$1.apply(FeatureSpecLike.scala:233)
	at org.scalatest.TestSuite.withFixture(TestSuite.scala:196)
	at org.scalatest.TestSuite.withFixture$(TestSuite.scala:195)
	at org.scalatest.FeatureSpec.withFixture(FeatureSpec.scala:1825)
	at org.scalatest.FeatureSpecLike.invokeWithFixture$1(FeatureSpecLike.scala:231)
	at org.scalatest.FeatureSpecLike.$anonfun$runTest$1(FeatureSpecLike.scala:243)
	at org.scalatest.SuperEngine.runTestImpl(Engine.scala:286)
	at org.scalatest.FeatureSpecLike.runTest(FeatureSpecLike.scala:243)
	at org.scalatest.FeatureSpecLike.runTest$(FeatureSpecLike.scala:225)
	at org.scalatest.FeatureSpec.runTest(FeatureSpec.scala:1825)
	at org.scalatest.FeatureSpecLike.$anonfun$runTests$1(FeatureSpecLike.scala:302)
	at org.scalatest.SuperEngine.$anonfun$runTestsInBranch$1(Engine.scala:393)
	at scala.collection.immutable.List.foreach(List.scala:392)
	at org.scalatest.SuperEngine.traverseSubNodes$1(Engine.scala:381)
	at org.scalatest.SuperEngine.runTestsInBranch(Engine.scala:370)
	at org.scalatest.SuperEngine.$anonfun$runTestsInBranch$1(Engine.scala:407)
	at scala.collection.immutable.List.foreach(List.scala:392)
	at org.scalatest.SuperEngine.traverseSubNodes$1(Engine.scala:381)
	at org.scalatest.SuperEngine.runTestsInBranch(Engine.scala:376)
	at org.scalatest.SuperEngine.runTestsImpl(Engine.scala:458)
	at org.scalatest.FeatureSpecLike.runTests(FeatureSpecLike.scala:302)
	at org.scalatest.FeatureSpecLike.runTests$(FeatureSpecLike.scala:301)
	at org.scalatest.FeatureSpec.runTests(FeatureSpec.scala:1825)
	at org.scalatest.Suite.run(Suite.scala:1124)
	at org.scalatest.Suite.run$(Suite.scala:1106)
	at org.scalatest.FeatureSpec.org$scalatest$FeatureSpecLike$$super$run(FeatureSpec.scala:1825)
	at org.scalatest.FeatureSpecLike.$anonfun$run$1(FeatureSpecLike.scala:343)
	at org.scalatest.SuperEngine.runImpl(Engine.scala:518)
	at org.scalatest.FeatureSpecLike.run(FeatureSpecLike.scala:343)
	at org.scalatest.FeatureSpecLike.run$(FeatureSpecLike.scala:342)
	at org.scalatest.FeatureSpec.run(FeatureSpec.scala:1825)
	at org.scalatest.tools.Framework.org$scalatest$tools$Framework$$runSuite(Framework.scala:317)
	at org.scalatest.tools.Framework$ScalaTestTask.execute(Framework.scala:510)
	at sbt.TestRunner.runTest$1(TestFramework.scala:113)
	at sbt.TestRunner.run(TestFramework.scala:124)
	at sbt.TestFramework$$anon$2$$anonfun$$lessinit$greater$1.$anonfun$apply$1(TestFramework.scala:282)
	at sbt.TestFramework$.sbt$TestFramework$$withContextLoader(TestFramework.scala:246)
	at sbt.TestFramework$$anon$2$$anonfun$$lessinit$greater$1.apply(TestFramework.scala:282)
	at sbt.TestFramework$$anon$2$$anonfun$$lessinit$greater$1.apply(TestFramework.scala:282)
	at sbt.TestFunction.apply(TestFramework.scala:294)
	at sbt.Tests$.$anonfun$toTask$1(Tests.scala:309)
	at sbt.std.Transform$$anon$3.$anonfun$apply$2(System.scala:46)
	at sbt.std.Transform$$anon$4.work(System.scala:67)
	at sbt.Execute.$anonfun$submit$2(Execute.scala:269)
	at sbt.internal.util.ErrorHandling$.wideConvert(ErrorHandling.scala:16)
	at sbt.Execute.work(Execute.scala:278)
	at sbt.Execute.$anonfun$submit$1(Execute.scala:269)
	at sbt.ConcurrentRestrictions$$anon$4.$anonfun$submitValid$1(ConcurrentRestrictions.scala:178)
	at sbt.CompletionService$$anon$2.call(CompletionService.scala:37)
	at java.util.concurrent.FutureTask.run(FutureTask.java:266)
	at java.util.concurrent.Executors$RunnableAdapter.call(Executors.java:511)
	at java.util.concurrent.FutureTask.run(FutureTask.java:266)
	at java.util.concurrent.ThreadPoolExecutor.runWorker(ThreadPoolExecutor.java:1149)
	at java.util.concurrent.ThreadPoolExecutor$Worker.run(ThreadPoolExecutor.java:624)
	at java.lang.Thread.run(Thread.java:748)
</failure>
                                               </testcase><testcase classname="hamburguesaTest3" name="Feature: Creación de Hamburguesa con diferentes ingredientes Scenario: El precio calculado es correcto" time="0.007">
                                                 <failure message="Expected 2, but got 1" type="org.scalatest.exceptions.TestFailedException">org.scalatest.exceptions.TestFailedException: Expected 2, but got 1
	at org.scalatest.Assertions.newAssertionFailedException(Assertions.scala:530)
	at org.scalatest.Assertions.newAssertionFailedException$(Assertions.scala:529)
	at org.scalatest.FeatureSpec.newAssertionFailedException(FeatureSpec.scala:1825)
	at org.scalatest.Assertions.assertResult(Assertions.scala:1025)
	at org.scalatest.Assertions.assertResult$(Assertions.scala:1021)
	at org.scalatest.FeatureSpec.assertResult(FeatureSpec.scala:1825)
	at hamburguesaTest3.$anonfun$new$3(hamburguesaTest3.scala:34)
	at org.scalatest.OutcomeOf.outcomeOf(OutcomeOf.scala:85)
	at org.scalatest.OutcomeOf.outcomeOf$(OutcomeOf.scala:83)
	at org.scalatest.OutcomeOf$.outcomeOf(OutcomeOf.scala:104)
	at org.scalatest.Transformer.apply(Transformer.scala:22)
	at org.scalatest.Transformer.apply(Transformer.scala:20)
	at org.scalatest.FeatureSpecLike$$anon$1.apply(FeatureSpecLike.scala:233)
	at org.scalatest.TestSuite.withFixture(TestSuite.scala:196)
	at org.scalatest.TestSuite.withFixture$(TestSuite.scala:195)
	at org.scalatest.FeatureSpec.withFixture(FeatureSpec.scala:1825)
	at org.scalatest.FeatureSpecLike.invokeWithFixture$1(FeatureSpecLike.scala:231)
	at org.scalatest.FeatureSpecLike.$anonfun$runTest$1(FeatureSpecLike.scala:243)
	at org.scalatest.SuperEngine.runTestImpl(Engine.scala:286)
	at org.scalatest.FeatureSpecLike.runTest(FeatureSpecLike.scala:243)
	at org.scalatest.FeatureSpecLike.runTest$(FeatureSpecLike.scala:225)
	at org.scalatest.FeatureSpec.runTest(FeatureSpec.scala:1825)
	at org.scalatest.FeatureSpecLike.$anonfun$runTests$1(FeatureSpecLike.scala:302)
	at org.scalatest.SuperEngine.$anonfun$runTestsInBranch$1(Engine.scala:393)
	at scala.collection.immutable.List.foreach(List.scala:392)
	at org.scalatest.SuperEngine.traverseSubNodes$1(Engine.scala:381)
	at org.scalatest.SuperEngine.runTestsInBranch(Engine.scala:370)
	at org.scalatest.SuperEngine.$anonfun$runTestsInBranch$1(Engine.scala:407)
	at scala.collection.immutable.List.foreach(List.scala:392)
	at org.scalatest.SuperEngine.traverseSubNodes$1(Engine.scala:381)
	at org.scalatest.SuperEngine.runTestsInBranch(Engine.scala:376)
	at org.scalatest.SuperEngine.runTestsImpl(Engine.scala:458)
	at org.scalatest.FeatureSpecLike.runTests(FeatureSpecLike.scala:302)
	at org.scalatest.FeatureSpecLike.runTests$(FeatureSpecLike.scala:301)
	at org.scalatest.FeatureSpec.runTests(FeatureSpec.scala:1825)
	at org.scalatest.Suite.run(Suite.scala:1124)
	at org.scalatest.Suite.run$(Suite.scala:1106)
	at org.scalatest.FeatureSpec.org$scalatest$FeatureSpecLike$$super$run(FeatureSpec.scala:1825)
	at org.scalatest.FeatureSpecLike.$anonfun$run$1(FeatureSpecLike.scala:343)
	at org.scalatest.SuperEngine.runImpl(Engine.scala:518)
	at org.scalatest.FeatureSpecLike.run(FeatureSpecLike.scala:343)
	at org.scalatest.FeatureSpecLike.run$(FeatureSpecLike.scala:342)
	at org.scalatest.FeatureSpec.run(FeatureSpec.scala:1825)
	at org.scalatest.tools.Framework.org$scalatest$tools$Framework$$runSuite(Framework.scala:317)
	at org.scalatest.tools.Framework$ScalaTestTask.execute(Framework.scala:510)
	at sbt.TestRunner.runTest$1(TestFramework.scala:113)
	at sbt.TestRunner.run(TestFramework.scala:124)
	at sbt.TestFramework$$anon$2$$anonfun$$lessinit$greater$1.$anonfun$apply$1(TestFramework.scala:282)
	at sbt.TestFramework$.sbt$TestFramework$$withContextLoader(TestFramework.scala:246)
	at sbt.TestFramework$$anon$2$$anonfun$$lessinit$greater$1.apply(TestFramework.scala:282)
	at sbt.TestFramework$$anon$2$$anonfun$$lessinit$greater$1.apply(TestFramework.scala:282)
	at sbt.TestFunction.apply(TestFramework.scala:294)
	at sbt.Tests$.$anonfun$toTask$1(Tests.scala:309)
	at sbt.std.Transform$$anon$3.$anonfun$apply$2(System.scala:46)
	at sbt.std.Transform$$anon$4.work(System.scala:67)
	at sbt.Execute.$anonfun$submit$2(Execute.scala:269)
	at sbt.internal.util.ErrorHandling$.wideConvert(ErrorHandling.scala:16)
	at sbt.Execute.work(Execute.scala:278)
	at sbt.Execute.$anonfun$submit$1(Execute.scala:269)
	at sbt.ConcurrentRestrictions$$anon$4.$anonfun$submitValid$1(ConcurrentRestrictions.scala:178)
	at sbt.CompletionService$$anon$2.call(CompletionService.scala:37)
	at java.util.concurrent.FutureTask.run(FutureTask.java:266)
	at java.util.concurrent.Executors$RunnableAdapter.call(Executors.java:511)
	at java.util.concurrent.FutureTask.run(FutureTask.java:266)
	at java.util.concurrent.ThreadPoolExecutor.runWorker(ThreadPoolExecutor.java:1149)
	at java.util.concurrent.ThreadPoolExecutor$Worker.run(ThreadPoolExecutor.java:624)
	at java.lang.Thread.run(Thread.java:748)
</failure>
                                               </testcase>
                     <system-out><![CDATA[]]></system-out>
                     <system-err><![CDATA[]]></system-err>
                   </testsuite>